L100:	jmp L0
L101:	
L102:	movi R[1],1
		movi M[20+R[0]],R[1]
L103:	movi R[1],0
		movi M[24+R[0]],R[1]
L104:	movi R[1],M[24+R[0]]
		movi R[2],M[16+R[0]]
		cmpi R[1],R[2]
		ja L108
L105:	jmp L111
L106:	movi R[1],M[24+R[0]]
		movi R[2],1
		addi R[3],R[1],R[2]
		movi M[24+R[0]],R[3]
L107:	jmp L104
L108:	movi R[1],M[12+R[0]]
		movi R[2],M[20+R[0]]
		muli R[3],R[1],R[2]
		movi M[28+R[0]],R[3]
L109:	movi R[1],M[28+R[0]]
		movi M[20+R[0]],R[1]
L110:	jmp L106
L111:	movi R[1],M[20+R[0]]
		outi R[1]
L112:	movi R[1],M[20+R[0]]
		movi R[255],M[8+R[0]]
		movi M[R[255]],R[1]
L113:	jmp M[R[0]]
L114:	
L0:	ini R[1]
		movi M[612],R[1]
L116:	ini R[1]
		movi M[616],R[1]
L117:	movi R[255],M[612]
		movi M[40+R[0]],R[255]
L118:	movi R[255],M[616]
		movi M[44+R[0]],R[255]
L119:	movi R[255],R[0]
		movi R[254],24
		addi R[255],R[254],R[255]
		movi M[36+R[0]],R[255]
L120:	movi M[32+R[0]],R[0]
		movi R[255],28
		addi R[0],R[255],R[0]
		movi R[255],$
		movi R[254],15
		addi R[255],R[255],R[254]
		movi M[R[0]],R[255]
		jmp L102
		movi R[255],28
		subi R[0],R[0],R[255]
L121:	movi R[1],M[624]
		movi M[620],R[1]
L122:	halt
