L100:	jmp L0
L101:	
L102:	movi R[1],0
		movi M[20+R[0]],R[1]
L103:	movi R[1],0
		movi M[24+R[0]],R[1]
L104:	movi R[1],M[16+R[0]]
		outi R[1]
L105:	movi R[1],M[24+R[0]]
		movi R[2],M[16+R[0]]
		cmpi R[1],R[2]
		ja L107
L106:	jmp L112
L107:	movi R[1],M[20+R[0]]
		movi R[2],M[12+R[0]]
		addi R[3],R[1],R[2]
		movi M[28+R[0]],R[3]
L108:	movi R[1],M[28+R[0]]
		movi M[20+R[0]],R[1]
L109:	movi R[1],M[24+R[0]]
		movi R[2],1
		addi R[3],R[1],R[2]
		movi M[32+R[0]],R[3]
L110:	movi R[1],M[32+R[0]]
		movi M[24+R[0]],R[1]
L111:	jmp L105
L112:	movi R[1],M[20+R[0]]
		movi R[255],M[8+R[0]]
		movi M[R[255]],R[1]
L113:	jmp M[R[0]]
L114:	
L0:	movi R[1],1
		movi M[620],R[1]
L116:	movi R[1],1
		movi M[624],R[1]
L117:	movi R[1],2
		movi M[612],R[1]
L118:	movi R[1],2
		movi M[616],R[1]
L119:	movi R[1],10
		movi M[628],R[1]
L120:	movi R[1],20
		movi M[632],R[1]
L121:	movi R[1],M[620]
		movi R[2],20
		cmpi R[1],R[2]
		jb L123
L122:	jmp L131
L123:	movi R[1],M[620]
		movi R[2],256
		cmpi R[1],R[2]
		ja L125
L124:	jmp L131
L125:	movi R[255],M[620]
		movi M[56+R[0]],R[255]
L126:	movi R[255],M[628]
		movi M[60+R[0]],R[255]
L127:	movi R[255],R[0]
		movi R[254],36
		addi R[255],R[254],R[255]
		movi M[52+R[0]],R[255]
L128:	movi M[48+R[0]],R[0]
		movi R[255],44
		addi R[0],R[255],R[0]
		movi R[255],$
		movi R[254],15
		addi R[255],R[255],R[254]
		movi M[R[0]],R[255]
		jmp L102
		movi R[255],44
		subi R[0],R[0],R[255]
L129:	movi R[1],M[636]
		movi M[624],R[1]
L130:	jmp L136
L131:	movi R[255],M[620]
		movi M[56+R[0]],R[255]
L132:	movi R[255],M[632]
		movi M[60+R[0]],R[255]
L133:	movi R[255],R[0]
		movi R[254],40
		addi R[255],R[254],R[255]
		movi M[52+R[0]],R[255]
L134:	movi M[48+R[0]],R[0]
		movi R[255],44
		addi R[0],R[255],R[0]
		movi R[255],$
		movi R[254],15
		addi R[255],R[255],R[254]
		movi M[R[0]],R[255]
		jmp L102
		movi R[255],44
		subi R[0],R[0],R[255]
L135:	movi R[1],M[640]
		movi M[624],R[1]
L136:	movi R[1],M[624]
		outi R[1]
L137:	halt
